2020/10/15 18:22:01:174  INFO Script_JD_001:225 - Input'ext.caotianbao'on'[[ChromeDriver: chrome on XP (ed0b9dc2362b0db815724f6439a923af)] -> id: username]'element
2020/10/15 18:22:01:380  INFO Script_JD_001:225 - Input'Liyanyan.0'on'[[ChromeDriver: chrome on XP (ed0b9dc2362b0db815724f6439a923af)] -> id: password]'element
2020/10/15 18:42:22:751  INFO Script_JD_001:225 - Input'ext.caotianbao'on'[[ChromeDriver: chrome on XP (620b8fff83173996893e4a6b9fb7358f)] -> id: username]'element
2020/10/15 18:42:22:888  INFO Script_JD_001:225 - Input'Liyanyan.0'on'[[ChromeDriver: chrome on XP (620b8fff83173996893e4a6b9fb7358f)] -> id: password]'element
2020/10/15 18:42:23:243  INFO Script_JD_001:240 - Click'[[ChromeDriver: chrome on XP (620b8fff83173996893e4a6b9fb7358f)] -> xpath: //input[contains(@value,'登')]]'element
2020/10/15 18:42:24:579  INFO Script_JD_001:240 - Click'[[ChromeDriver: chrome on XP (620b8fff83173996893e4a6b9fb7358f)] -> xpath: //span[text()='创建实名']]'element
2020/10/15 18:42:24:841  INFO Script_JD_001:225 - Input'cao_100'on'[[ChromeDriver: chrome on XP (620b8fff83173996893e4a6b9fb7358f)] -> xpath: //label[text()='Pin']//following::input[1]]'element
2020/10/15 18:42:24:920 ERROR Script_JD_001:242 - org.openqa.selenium.WebDriverException: unknown error: Element <span>...</span> is not clickable at point (455, 606). Other element would receive the click: <footer data-v-02229de6="" class="footer">...</footer>
  (Session info: chrome=84.0.4147.125)
  (Driver info: chromedriver=2.40.565498 (ea082db3280dd6843ebfb08a625e3eb905c4f5ab),platform=Windows NT 10.0.18363 x86_64) (WARNING: The server did not provide any stacktrace information)
Command duration or timeout: 53 milliseconds
Build info: version: '2.53.1', revision: 'a36b8b1', time: '2016-06-30 17:32:46'
System info: host: 'JRA1W1PF1800SM', ip: '10.13.60.227', os.name: 'Windows 10', os.arch: 'amd64', os.version: '10.0', java.version: '1.8.0_121'
Driver info: org.openqa.selenium.chrome.ChromeDriver
Capabilities [{applicationCacheEnabled=false, rotatable=false, mobileEmulationEnabled=false, networkConnectionEnabled=false, chrome={chromedriverVersion=2.40.565498 (ea082db3280dd6843ebfb08a625e3eb905c4f5ab), userDataDir=C:\Users\super\AppData\Local\Temp\scoped_dir18312_20474}, takesHeapSnapshot=true, pageLoadStrategy=normal, databaseEnabled=false, handlesAlerts=true, hasTouchScreen=false, version=84.0.4147.125, platform=XP, browserConnectionEnabled=false, nativeEvents=true, acceptSslCerts=false, acceptInsecureCerts=false, locationContextEnabled=true, webStorageEnabled=true, browserName=chrome, takesScreenshot=true, javascriptEnabled=true, cssSelectorsEnabled=true, setWindowRect=true, unexpectedAlertBehaviour=}]
Session ID: 620b8fff83173996893e4a6b9fb7358f
2020/10/15 18:42:25:021 ERROR Script_JD_001:242 - org.openqa.selenium.WebDriverException: unknown error: Element <span>...</span> is not clickable at point (373, 606). Other element would receive the click: <footer data-v-02229de6="" class="footer">...</footer>
  (Session info: chrome=84.0.4147.125)
  (Driver info: chromedriver=2.40.565498 (ea082db3280dd6843ebfb08a625e3eb905c4f5ab),platform=Windows NT 10.0.18363 x86_64) (WARNING: The server did not provide any stacktrace information)
Command duration or timeout: 53 milliseconds
Build info: version: '2.53.1', revision: 'a36b8b1', time: '2016-06-30 17:32:46'
System info: host: 'JRA1W1PF1800SM', ip: '10.13.60.227', os.name: 'Windows 10', os.arch: 'amd64', os.version: '10.0', java.version: '1.8.0_121'
Driver info: org.openqa.selenium.chrome.ChromeDriver
Capabilities [{applicationCacheEnabled=false, rotatable=false, mobileEmulationEnabled=false, networkConnectionEnabled=false, chrome={chromedriverVersion=2.40.565498 (ea082db3280dd6843ebfb08a625e3eb905c4f5ab), userDataDir=C:\Users\super\AppData\Local\Temp\scoped_dir18312_20474}, takesHeapSnapshot=true, pageLoadStrategy=normal, databaseEnabled=false, handlesAlerts=true, hasTouchScreen=false, version=84.0.4147.125, platform=XP, browserConnectionEnabled=false, nativeEvents=true, acceptSslCerts=false, acceptInsecureCerts=false, locationContextEnabled=true, webStorageEnabled=true, browserName=chrome, takesScreenshot=true, javascriptEnabled=true, cssSelectorsEnabled=true, setWindowRect=true, unexpectedAlertBehaviour=}]
Session ID: 620b8fff83173996893e4a6b9fb7358f
2020/10/15 18:43:36:117  INFO Script_JD_001:225 - Input'ext.caotianbao'on'[[ChromeDriver: chrome on XP (b4e4448b1dde0c6f106d17f8bf6fc4c9)] -> id: username]'element
2020/10/15 18:43:36:237  INFO Script_JD_001:225 - Input'Liyanyan.0'on'[[ChromeDriver: chrome on XP (b4e4448b1dde0c6f106d17f8bf6fc4c9)] -> id: password]'element
2020/10/15 18:43:36:583  INFO Script_JD_001:240 - Click'[[ChromeDriver: chrome on XP (b4e4448b1dde0c6f106d17f8bf6fc4c9)] -> xpath: //input[contains(@value,'登')]]'element
2020/10/15 18:43:37:747  INFO Script_JD_001:240 - Click'[[ChromeDriver: chrome on XP (b4e4448b1dde0c6f106d17f8bf6fc4c9)] -> xpath: //span[text()='创建实名']]'element
2020/10/15 18:43:38:002  INFO Script_JD_001:225 - Input'cao_100'on'[[ChromeDriver: chrome on XP (b4e4448b1dde0c6f106d17f8bf6fc4c9)] -> xpath: //label[text()='Pin']//following::input[1]]'element
2020/10/15 18:43:38:092 ERROR Script_JD_001:242 - org.openqa.selenium.WebDriverException: unknown error: Element <span>...</span> is not clickable at point (455, 606). Other element would receive the click: <footer data-v-02229de6="" class="footer">...</footer>
  (Session info: chrome=84.0.4147.125)
  (Driver info: chromedriver=2.40.565498 (ea082db3280dd6843ebfb08a625e3eb905c4f5ab),platform=Windows NT 10.0.18363 x86_64) (WARNING: The server did not provide any stacktrace information)
Command duration or timeout: 47 milliseconds
Build info: version: '2.53.1', revision: 'a36b8b1', time: '2016-06-30 17:32:46'
System info: host: 'JRA1W1PF1800SM', ip: '10.13.60.227', os.name: 'Windows 10', os.arch: 'amd64', os.version: '10.0', java.version: '1.8.0_121'
Driver info: org.openqa.selenium.chrome.ChromeDriver
Capabilities [{applicationCacheEnabled=false, rotatable=false, mobileEmulationEnabled=false, networkConnectionEnabled=false, chrome={chromedriverVersion=2.40.565498 (ea082db3280dd6843ebfb08a625e3eb905c4f5ab), userDataDir=C:\Users\super\AppData\Local\Temp\scoped_dir7308_25190}, takesHeapSnapshot=true, pageLoadStrategy=normal, databaseEnabled=false, handlesAlerts=true, hasTouchScreen=false, version=84.0.4147.125, platform=XP, browserConnectionEnabled=false, nativeEvents=true, acceptSslCerts=false, acceptInsecureCerts=false, locationContextEnabled=true, webStorageEnabled=true, browserName=chrome, takesScreenshot=true, javascriptEnabled=true, cssSelectorsEnabled=true, setWindowRect=true, unexpectedAlertBehaviour=}]
Session ID: b4e4448b1dde0c6f106d17f8bf6fc4c9
2020/10/15 18:43:38:166 ERROR Script_JD_001:242 - org.openqa.selenium.WebDriverException: unknown error: Element <span>...</span> is not clickable at point (373, 606). Other element would receive the click: <footer data-v-02229de6="" class="footer">...</footer>
  (Session info: chrome=84.0.4147.125)
  (Driver info: chromedriver=2.40.565498 (ea082db3280dd6843ebfb08a625e3eb905c4f5ab),platform=Windows NT 10.0.18363 x86_64) (WARNING: The server did not provide any stacktrace information)
Command duration or timeout: 45 milliseconds
Build info: version: '2.53.1', revision: 'a36b8b1', time: '2016-06-30 17:32:46'
System info: host: 'JRA1W1PF1800SM', ip: '10.13.60.227', os.name: 'Windows 10', os.arch: 'amd64', os.version: '10.0', java.version: '1.8.0_121'
Driver info: org.openqa.selenium.chrome.ChromeDriver
Capabilities [{applicationCacheEnabled=false, rotatable=false, mobileEmulationEnabled=false, networkConnectionEnabled=false, chrome={chromedriverVersion=2.40.565498 (ea082db3280dd6843ebfb08a625e3eb905c4f5ab), userDataDir=C:\Users\super\AppData\Local\Temp\scoped_dir7308_25190}, takesHeapSnapshot=true, pageLoadStrategy=normal, databaseEnabled=false, handlesAlerts=true, hasTouchScreen=false, version=84.0.4147.125, platform=XP, browserConnectionEnabled=false, nativeEvents=true, acceptSslCerts=false, acceptInsecureCerts=false, locationContextEnabled=true, webStorageEnabled=true, browserName=chrome, takesScreenshot=true, javascriptEnabled=true, cssSelectorsEnabled=true, setWindowRect=true, unexpectedAlertBehaviour=}]
Session ID: b4e4448b1dde0c6f106d17f8bf6fc4c9
2020/10/15 18:46:26:754  INFO Script_JD_001:225 - Input'ext.caotianbao'on'[[ChromeDriver: chrome on XP (bd7f9b635ef1c51dd8b08f07e8e57daa)] -> id: username]'element
2020/10/15 18:46:26:930  INFO Script_JD_001:225 - Input'Liyanyan.0'on'[[ChromeDriver: chrome on XP (bd7f9b635ef1c51dd8b08f07e8e57daa)] -> id: password]'element
2020/10/15 18:46:27:278  INFO Script_JD_001:240 - Click'[[ChromeDriver: chrome on XP (bd7f9b635ef1c51dd8b08f07e8e57daa)] -> xpath: //input[contains(@value,'登')]]'element
2020/10/15 18:46:28:450  INFO Script_JD_001:240 - Click'[[ChromeDriver: chrome on XP (bd7f9b635ef1c51dd8b08f07e8e57daa)] -> xpath: //span[text()='创建实名']]'element
2020/10/15 18:46:28:665  INFO Script_JD_001:225 - Input'cao_100'on'[[ChromeDriver: chrome on XP (bd7f9b635ef1c51dd8b08f07e8e57daa)] -> xpath: //label[text()='Pin']//following::input[1]]'element
2020/10/15 18:46:28:751 ERROR Script_JD_001:242 - org.openqa.selenium.WebDriverException: unknown error: Element <span>...</span> is not clickable at point (455, 606). Other element would receive the click: <footer data-v-02229de6="" class="footer">...</footer>
  (Session info: chrome=84.0.4147.125)
  (Driver info: chromedriver=2.40.565498 (ea082db3280dd6843ebfb08a625e3eb905c4f5ab),platform=Windows NT 10.0.18363 x86_64) (WARNING: The server did not provide any stacktrace information)
Command duration or timeout: 53 milliseconds
Build info: version: '2.53.1', revision: 'a36b8b1', time: '2016-06-30 17:32:46'
System info: host: 'JRA1W1PF1800SM', ip: '10.13.60.227', os.name: 'Windows 10', os.arch: 'amd64', os.version: '10.0', java.version: '1.8.0_121'
Driver info: org.openqa.selenium.chrome.ChromeDriver
Capabilities [{applicationCacheEnabled=false, rotatable=false, mobileEmulationEnabled=false, networkConnectionEnabled=false, chrome={chromedriverVersion=2.40.565498 (ea082db3280dd6843ebfb08a625e3eb905c4f5ab), userDataDir=C:\Users\super\AppData\Local\Temp\scoped_dir7176_22288}, takesHeapSnapshot=true, pageLoadStrategy=normal, databaseEnabled=false, handlesAlerts=true, hasTouchScreen=false, version=84.0.4147.125, platform=XP, browserConnectionEnabled=false, nativeEvents=true, acceptSslCerts=false, acceptInsecureCerts=false, locationContextEnabled=true, webStorageEnabled=true, browserName=chrome, takesScreenshot=true, javascriptEnabled=true, cssSelectorsEnabled=true, setWindowRect=true, unexpectedAlertBehaviour=}]
Session ID: bd7f9b635ef1c51dd8b08f07e8e57daa
2020/10/15 18:46:28:826 ERROR Script_JD_001:242 - org.openqa.selenium.WebDriverException: unknown error: Element <span>...</span> is not clickable at point (373, 606). Other element would receive the click: <footer data-v-02229de6="" class="footer">...</footer>
  (Session info: chrome=84.0.4147.125)
  (Driver info: chromedriver=2.40.565498 (ea082db3280dd6843ebfb08a625e3eb905c4f5ab),platform=Windows NT 10.0.18363 x86_64) (WARNING: The server did not provide any stacktrace information)
Command duration or timeout: 43 milliseconds
Build info: version: '2.53.1', revision: 'a36b8b1', time: '2016-06-30 17:32:46'
System info: host: 'JRA1W1PF1800SM', ip: '10.13.60.227', os.name: 'Windows 10', os.arch: 'amd64', os.version: '10.0', java.version: '1.8.0_121'
Driver info: org.openqa.selenium.chrome.ChromeDriver
Capabilities [{applicationCacheEnabled=false, rotatable=false, mobileEmulationEnabled=false, networkConnectionEnabled=false, chrome={chromedriverVersion=2.40.565498 (ea082db3280dd6843ebfb08a625e3eb905c4f5ab), userDataDir=C:\Users\super\AppData\Local\Temp\scoped_dir7176_22288}, takesHeapSnapshot=true, pageLoadStrategy=normal, databaseEnabled=false, handlesAlerts=true, hasTouchScreen=false, version=84.0.4147.125, platform=XP, browserConnectionEnabled=false, nativeEvents=true, acceptSslCerts=false, acceptInsecureCerts=false, locationContextEnabled=true, webStorageEnabled=true, browserName=chrome, takesScreenshot=true, javascriptEnabled=true, cssSelectorsEnabled=true, setWindowRect=true, unexpectedAlertBehaviour=}]
Session ID: bd7f9b635ef1c51dd8b08f07e8e57daa
2020/10/15 18:48:11:597  INFO Script_JD_001:225 - Input'ext.caotianbao'on'[[ChromeDriver: chrome on XP (3470f94112bd69b032e6791719e321b5)] -> id: username]'element
2020/10/15 18:48:12:100  INFO Script_JD_001:225 - Input'Liyanyan.0'on'[[ChromeDriver: chrome on XP (3470f94112bd69b032e6791719e321b5)] -> id: password]'element
2020/10/15 18:48:12:433  INFO Script_JD_001:240 - Click'[[ChromeDriver: chrome on XP (3470f94112bd69b032e6791719e321b5)] -> xpath: //input[contains(@value,'登')]]'element
2020/10/15 18:48:13:615  INFO Script_JD_001:240 - Click'[[ChromeDriver: chrome on XP (3470f94112bd69b032e6791719e321b5)] -> xpath: //span[text()='创建实名']]'element
2020/10/15 18:48:13:851  INFO Script_JD_001:225 - Input'cao_100'on'[[ChromeDriver: chrome on XP (3470f94112bd69b032e6791719e321b5)] -> xpath: //label[text()='Pin']//following::input[1]]'element
2020/10/15 18:48:13:950  INFO Script_JD_001:240 - Click'[[ChromeDriver: chrome on XP (3470f94112bd69b032e6791719e321b5)] -> xpath: //span[contains(text(),'随机生成')]]'element
2020/10/15 18:48:14:055  INFO Script_JD_001:240 - Click'[[ChromeDriver: chrome on XP (3470f94112bd69b032e6791719e321b5)] -> xpath: //span[contains(text(),'提交')]]'element
2020/10/15 18:58:46:394  INFO Script_JD_001:225 - Input'ext.caotianbao'on'[[ChromeDriver: chrome on XP (0a975a7dbf34fb0c3a00bd8ffc55a8c3)] -> id: username]'element
2020/10/15 18:58:46:846  INFO Script_JD_001:225 - Input'Liyanyan.0'on'[[ChromeDriver: chrome on XP (0a975a7dbf34fb0c3a00bd8ffc55a8c3)] -> id: password]'element
2020/10/15 18:58:47:139  INFO Script_JD_001:240 - Click'[[ChromeDriver: chrome on XP (0a975a7dbf34fb0c3a00bd8ffc55a8c3)] -> xpath: //input[contains(@value,'登')]]'element
2020/10/15 18:58:48:292  INFO Script_JD_001:240 - Click'[[ChromeDriver: chrome on XP (0a975a7dbf34fb0c3a00bd8ffc55a8c3)] -> xpath: //span[text()='创建实名']]'element
2020/10/15 18:58:48:511  INFO Script_JD_001:225 - Input'cao_100'on'[[ChromeDriver: chrome on XP (0a975a7dbf34fb0c3a00bd8ffc55a8c3)] -> xpath: //label[text()='Pin']//following::input[1]]'element
2020/10/15 18:58:48:616  INFO Script_JD_001:240 - Click'[[ChromeDriver: chrome on XP (0a975a7dbf34fb0c3a00bd8ffc55a8c3)] -> xpath: //span[contains(text(),'随机生成')]]'element
2020/10/15 18:58:48:728  INFO Script_JD_001:240 - Click'[[ChromeDriver: chrome on XP (0a975a7dbf34fb0c3a00bd8ffc55a8c3)] -> xpath: //span[contains(text(),'提交')]]'element
